7.903594e-10 1.001431e+00
8.527096e-01 -7.723222e-01
6.515722e-01 -4.574159e-01
2.573095e-01 2.429107e-01
6.183960e-01 -1.233664e-01
8.234376e-01 -4.597283e-01
4.544637e-01 -1.232729e-01
4.110560e-01 2.303468e-01
8.238629e-02 6.707581e-01
1.823742e-01 6.698988e-01
4.321006e-01 -2.198819e-02
1.993023e-01 5.590757e-01
2.158143e-01 4.406736e-01
8.279987e-01 -5.471250e-01
2.451220e-01 2.639971e-01
2.190902e-01 4.146449e-01
1.058484e-02 8.980957e-01
2.040246e-01 5.235162e-01
8.271333e-01 -5.245893e-01
6.212634e-01 -1.717276e-01
6.434705e-01 -4.249209e-01
6.395560e-01 -4.038133e-01
1.860430e-01 6.485401e-01
4.363013e-01 -5.200478e-02
8.300288e-01 -5.816792e-01
4.282421e-01 1.481014e-02
6.704687e-04 9.754730e-01
8.497997e-01 -7.692235e-01
6.195156e-01 -1.424829e-01
7.215821e-02 6.772360e-01
4.413919e-01 -8.883723e-02
3.472954e-02 7.951331e-01
6.341607e-01 -3.441522e-01
6.478626e-01 -4.436734e-01
2.068810e-01 5.021240e-01
2.260784e-01 3.623128e-01
2.426393e-01 2.744048e-01
4.051552e-02 7.631468e-01
8.428792e-01 -7.383928e-01
4.112567e-01 2.202515e-01
6.300237e-01 -3.017492e-01
4.465354e-01 -1.111433e-01
2.373436e-01 2.951785e-01
2.106167e-01 4.737545e-01
1.922699e-01 6.093304e-01
8.390883e-01 -7.053618e-01
3.634043e-02 7.780753e-01
6.256057e-01 -2.406531e-01
2.115648e-01 4.660465e-01
4.260080e-01 5.254804e-02
3.159981e-02 8.191918e-01
6.277223e-01 -2.714684e-01
4.134598e-01 1.884864e-01
6.374062e-01 -3.812859e-01
8.330425e-01 -6.296494e-01
4.234215e-01 7.239208e-02
8.426888e-01 -7.371494e-01
5.452950e-02 7.141348e-01
5.677098e-02 7.077580e-01
8.253449e-01 -4.938352e-01
1.953952e-01 5.873699e-01
1.472073e-02 8.729178e-01
4.153624e-01 1.635993e-01
2.216567e-01 3.909707e-01
6.316009e-02 6.922048e-01
1.966231e-01 5.788929e-01
2.296207e-01 3.399935e-01
1.893761e-01 6.278965e-01
6.275302e-01 -2.644619e-01
3.652429e-03 9.426413e-01
4.200066e-01 1.108992e-01
6.323869e-01 -3.259712e-01
4.262361e-01 3.520995e-02
6.250966e-03 9.208405e-01
4.169595e-01 1.510861e-01
2.382409e-02 8.308499e-01
8.236935e-03 9.194354e-01
1.554303e-02 8.691355e-01
2.518026e-03 9.522634e-01
8.240600e-01 -4.606953e-01
1.941903e-02 8.514833e-01
8.248928e-01 -4.878414e-01
4.389705e-01 -7.449245e-02
2.329759e-01 3.306525e-01
4.217645e-01 8.493039e-02
2.005927e-02 8.478181e-01
2.283077e-01 3.564901e-01
6.374062e-01 -3.812859e-01
6.307633e-01 -3.112900e-01
2.215686e-01 3.914011e-01
1.824684e-01 6.692666e-01
8.321194e-01 -6.152133e-01
4.884441e-02 7.312562e-01
4.138436e-01 1.834393e-01
4.492578e-01 -1.184886e-01
6.236648e-01 -2.104286e-01
8.345897e-01 -6.515386e-01
8.372325e-01 -6.849962e-01
2.055558e-01 5.122326e-01
8.348065e-01 -6.539307e-01