This file contains any messages produced by compilers while
running configure, to aid debugging if configure makes a mistake.

It was created by FULL-PACKAGE-NAME configure VERSION, which was
generated by GNU Autoconf 2.65.  Invocation command line was

  $ ./configure 

## --------- ##
## Platform. ##
## --------- ##

hostname = leo-laptop
uname -m = i686
uname -r = 2.6.32-30-generic
uname -s = Linux
uname -v = #59-Ubuntu SMP Tue Mar 1 21:30:21 UTC 2011

/usr/bin/uname -p = unknown
/bin/uname -X     = unknown

/bin/arch              = unknown
/usr/bin/arch -k       = unknown
/usr/convex/getsysinfo = unknown
/usr/bin/hostinfo      = unknown
/bin/machine           = unknown
/usr/bin/oslevel       = unknown
/bin/universe          = unknown

PATH: /usr/local/sbin
PATH: /usr/local/bin
PATH: /usr/sbin
PATH: /usr/bin
PATH: /sbin
PATH: /bin
PATH: /usr/games
PATH: /home/leo/Software/android-sdk-linux_86/tools


## ----------- ##
## Core tests. ##
## ----------- ##

configure:2101: checking for a BSD-compatible install
configure:2169: result: /usr/bin/install -c
configure:2180: checking whether build environment is sane
configure:2230: result: yes
configure:2371: checking for a thread-safe mkdir -p
configure:2410: result: /bin/mkdir -p
configure:2423: checking for gawk
configure:2439: found /usr/bin/gawk
configure:2450: result: gawk
configure:2461: checking whether make sets $(MAKE)
configure:2483: result: yes
configure:2627: checking for g++
configure:2643: found /usr/local/bin/g++
configure:2654: result: g++
configure:2681: checking for C++ compiler version
configure:2690: g++ --version >&5
g++ (GCC) 4.6.1
Copyright (C) 2011 Free Software Foundation, Inc.
This is free software; see the source for copying conditions.  There is NO
warranty; not even for MERCHANTABILITY or FITNESS FOR A PARTICULAR PURPOSE.

configure:2701: $? = 0
configure:2690: g++ -v >&5
Using built-in specs.
COLLECT_GCC=g++
COLLECT_LTO_WRAPPER=/usr/local/libexec/gcc/i686-pc-linux-gnu/4.6.1/lto-wrapper
Target: i686-pc-linux-gnu
Configured with: ./configure --with-gmp=/usr/ --with-mpfr=/usr/ --with-mpc=/usr/ --with-cloog=/usr/ --enable-languages=c,c++ --enable-threads=posix --enable-__cxa_atexit --with-cpu=generic --disable-multilib --with-ppl=/usr/
Thread model: posix
gcc version 4.6.1 (GCC) 
configure:2701: $? = 0
configure:2690: g++ -V >&5
g++: error: unrecognized option '-V'
g++: fatal error: no input files
compilation terminated.
configure:2701: $? = 1
configure:2690: g++ -qversion >&5
g++: error: unrecognized option '-qversion'
g++: fatal error: no input files
compilation terminated.
configure:2701: $? = 1
configure:2721: checking whether the C++ compiler works
configure:2743: g++    conftest.cpp  >&5
configure:2747: $? = 0
configure:2796: result: yes
configure:2799: checking for C++ compiler default output file name
configure:2801: result: a.out
configure:2807: checking for suffix of executables
configure:2814: g++ -o conftest    conftest.cpp  >&5
configure:2818: $? = 0
configure:2840: result: 
configure:2862: checking whether we are cross compiling
configure:2870: g++ -o conftest    conftest.cpp  >&5
configure:2874: $? = 0
configure:2881: ./conftest
configure:2885: $? = 0
configure:2900: result: no
configure:2905: checking for suffix of object files
configure:2927: g++ -c   conftest.cpp >&5
configure:2931: $? = 0
configure:2952: result: o
configure:2956: checking whether we are using the GNU C++ compiler
configure:2975: g++ -c   conftest.cpp >&5
configure:2975: $? = 0
configure:2984: result: yes
configure:2993: checking whether g++ accepts -g
configure:3013: g++ -c -g  conftest.cpp >&5
configure:3013: $? = 0
configure:3054: result: yes
configure:3088: checking for style of include used by make
configure:3116: result: GNU
configure:3141: checking dependency style of g++
configure:3251: result: gcc3
configure:3314: checking for gcc
configure:3330: found /usr/local/bin/gcc
configure:3341: result: gcc
configure:3570: checking for C compiler version
configure:3579: gcc --version >&5
gcc (GCC) 4.6.1
Copyright (C) 2011 Free Software Foundation, Inc.
This is free software; see the source for copying conditions.  There is NO
warranty; not even for MERCHANTABILITY or FITNESS FOR A PARTICULAR PURPOSE.

configure:3590: $? = 0
configure:3579: gcc -v >&5
Using built-in specs.
COLLECT_GCC=gcc
COLLECT_LTO_WRAPPER=/usr/local/libexec/gcc/i686-pc-linux-gnu/4.6.1/lto-wrapper
Target: i686-pc-linux-gnu
Configured with: ./configure --with-gmp=/usr/ --with-mpfr=/usr/ --with-mpc=/usr/ --with-cloog=/usr/ --enable-languages=c,c++ --enable-threads=posix --enable-__cxa_atexit --with-cpu=generic --disable-multilib --with-ppl=/usr/
Thread model: posix
gcc version 4.6.1 (GCC) 
configure:3590: $? = 0
configure:3579: gcc -V >&5
gcc: error: unrecognized option '-V'
gcc: fatal error: no input files
compilation terminated.
configure:3590: $? = 1
configure:3579: gcc -qversion >&5
gcc: error: unrecognized option '-qversion'
gcc: fatal error: no input files
compilation terminated.
configure:3590: $? = 1
configure:3594: checking whether we are using the GNU C compiler
configure:3613: gcc -c   conftest.c >&5
configure:3613: $? = 0
configure:3622: result: yes
configure:3631: checking whether gcc accepts -g
configure:3651: gcc -c -g  conftest.c >&5
configure:3651: $? = 0
configure:3692: result: yes
configure:3709: checking for gcc option to accept ISO C89
configure:3773: gcc  -c -g -O2  conftest.c >&5
configure:3773: $? = 0
configure:3786: result: none needed
configure:3808: checking dependency style of gcc
configure:3918: result: gcc3
configure:3978: checking for ranlib
configure:3994: found /usr/bin/ranlib
configure:4005: result: ranlib
configure:4037: checking how to run the C preprocessor
configure:4068: gcc -E  conftest.c
configure:4068: $? = 0
configure:4082: gcc -E  conftest.c
conftest.c:11:28: fatal error: ac_nonexistent.h: No such file or directory
compilation terminated.
configure:4082: $? = 1
configure: failed program was:
| /* confdefs.h */
| #define PACKAGE_NAME "FULL-PACKAGE-NAME"
| #define PACKAGE_TARNAME "full-package-name"
| #define PACKAGE_VERSION "VERSION"
| #define PACKAGE_STRING "FULL-PACKAGE-NAME VERSION"
| #define PACKAGE_BUGREPORT "BUG-REPORT-ADDRESS"
| #define PACKAGE_URL ""
| #define PACKAGE "stupidalgorithm"
| #define VERSION "1.0"
| /* end confdefs.h.  */
| #include <ac_nonexistent.h>
configure:4107: result: gcc -E
configure:4127: gcc -E  conftest.c
configure:4127: $? = 0
configure:4141: gcc -E  conftest.c
conftest.c:11:28: fatal error: ac_nonexistent.h: No such file or directory
compilation terminated.
configure:4141: $? = 1
configure: failed program was:
| /* confdefs.h */
| #define PACKAGE_NAME "FULL-PACKAGE-NAME"
| #define PACKAGE_TARNAME "full-package-name"
| #define PACKAGE_VERSION "VERSION"
| #define PACKAGE_STRING "FULL-PACKAGE-NAME VERSION"
| #define PACKAGE_BUGREPORT "BUG-REPORT-ADDRESS"
| #define PACKAGE_URL ""
| #define PACKAGE "stupidalgorithm"
| #define VERSION "1.0"
| /* end confdefs.h.  */
| #include <ac_nonexistent.h>
configure:4170: checking for grep that handles long lines and -e
configure:4228: result: /bin/grep
configure:4233: checking for egrep
configure:4295: result: /bin/grep -E
configure:4300: checking for ANSI C header files
configure:4320: gcc -c -g -O2  conftest.c >&5
configure:4320: $? = 0
configure:4393: gcc -o conftest -g -O2   conftest.c  >&5
configure:4393: $? = 0
configure:4393: ./conftest
configure:4393: $? = 0
configure:4404: result: yes
configure:4417: checking for sys/types.h
configure:4417: gcc -c -g -O2  conftest.c >&5
configure:4417: $? = 0
configure:4417: result: yes
configure:4417: checking for sys/stat.h
configure:4417: gcc -c -g -O2  conftest.c >&5
configure:4417: $? = 0
configure:4417: result: yes
configure:4417: checking for stdlib.h
configure:4417: gcc -c -g -O2  conftest.c >&5
configure:4417: $? = 0
configure:4417: result: yes
configure:4417: checking for string.h
configure:4417: gcc -c -g -O2  conftest.c >&5
configure:4417: $? = 0
configure:4417: result: yes
configure:4417: checking for memory.h
configure:4417: gcc -c -g -O2  conftest.c >&5
configure:4417: $? = 0
configure:4417: result: yes
configure:4417: checking for strings.h
configure:4417: gcc -c -g -O2  conftest.c >&5
configure:4417: $? = 0
configure:4417: result: yes
configure:4417: checking for inttypes.h
configure:4417: gcc -c -g -O2  conftest.c >&5
configure:4417: $? = 0
configure:4417: result: yes
configure:4417: checking for stdint.h
configure:4417: gcc -c -g -O2  conftest.c >&5
configure:4417: $? = 0
configure:4417: result: yes
configure:4417: checking for unistd.h
configure:4417: gcc -c -g -O2  conftest.c >&5
configure:4417: $? = 0
configure:4417: result: yes
configure:4430: checking for stdbool.h that conforms to C99
configure:4515: gcc -c -g -O2  conftest.c >&5
configure:4515: $? = 0
configure:4522: result: yes
configure:4524: checking for _Bool
configure:4524: gcc -c -g -O2  conftest.c >&5
configure:4524: $? = 0
configure:4524: gcc -c -g -O2  conftest.c >&5
conftest.c: In function 'main':
conftest.c:57:20: error: expected expression before ')' token
configure:4524: $? = 1
configure: failed program was:
| /* confdefs.h */
| #define PACKAGE_NAME "FULL-PACKAGE-NAME"
| #define PACKAGE_TARNAME "full-package-name"
| #define PACKAGE_VERSION "VERSION"
| #define PACKAGE_STRING "FULL-PACKAGE-NAME VERSION"
| #define PACKAGE_BUGREPORT "BUG-REPORT-ADDRESS"
| #define PACKAGE_URL ""
| #define PACKAGE "stupidalgorithm"
| #define VERSION "1.0"
| #define STDC_HEADERS 1
| #define HAVE_SYS_TYPES_H 1
| #define HAVE_SYS_STAT_H 1
| #define HAVE_STDLIB_H 1
| #define HAVE_STRING_H 1
| #define HAVE_MEMORY_H 1
| #define HAVE_STRINGS_H 1
| #define HAVE_INTTYPES_H 1
| #define HAVE_STDINT_H 1
| #define HAVE_UNISTD_H 1
| /* end confdefs.h.  */
| #include <stdio.h>
| #ifdef HAVE_SYS_TYPES_H
| # include <sys/types.h>
| #endif
| #ifdef HAVE_SYS_STAT_H
| # include <sys/stat.h>
| #endif
| #ifdef STDC_HEADERS
| # include <stdlib.h>
| # include <stddef.h>
| #else
| # ifdef HAVE_STDLIB_H
| #  include <stdlib.h>
| # endif
| #endif
| #ifdef HAVE_STRING_H
| # if !defined STDC_HEADERS && defined HAVE_MEMORY_H
| #  include <memory.h>
| # endif
| # include <string.h>
| #endif
| #ifdef HAVE_STRINGS_H
| # include <strings.h>
| #endif
| #ifdef HAVE_INTTYPES_H
| # include <inttypes.h>
| #endif
| #ifdef HAVE_STDINT_H
| # include <stdint.h>
| #endif
| #ifdef HAVE_UNISTD_H
| # include <unistd.h>
| #endif
| int
| main ()
| {
| if (sizeof ((_Bool)))
| 	    return 0;
|   ;
|   return 0;
| }
configure:4524: result: yes
configure:4540: checking for inline
configure:4556: gcc -c -g -O2  conftest.c >&5
configure:4556: $? = 0
configure:4564: result: inline
configure:4582: checking for size_t
configure:4582: gcc -c -g -O2  conftest.c >&5
configure:4582: $? = 0
configure:4582: gcc -c -g -O2  conftest.c >&5
conftest.c: In function 'main':
conftest.c:59:21: error: expected expression before ')' token
configure:4582: $? = 1
configure: failed program was:
| /* confdefs.h */
| #define PACKAGE_NAME "FULL-PACKAGE-NAME"
| #define PACKAGE_TARNAME "full-package-name"
| #define PACKAGE_VERSION "VERSION"
| #define PACKAGE_STRING "FULL-PACKAGE-NAME VERSION"
| #define PACKAGE_BUGREPORT "BUG-REPORT-ADDRESS"
| #define PACKAGE_URL ""
| #define PACKAGE "stupidalgorithm"
| #define VERSION "1.0"
| #define STDC_HEADERS 1
| #define HAVE_SYS_TYPES_H 1
| #define HAVE_SYS_STAT_H 1
| #define HAVE_STDLIB_H 1
| #define HAVE_STRING_H 1
| #define HAVE_MEMORY_H 1
| #define HAVE_STRINGS_H 1
| #define HAVE_INTTYPES_H 1
| #define HAVE_STDINT_H 1
| #define HAVE_UNISTD_H 1
| #define HAVE__BOOL 1
| #define HAVE_STDBOOL_H 1
| /* end confdefs.h.  */
| #include <stdio.h>
| #ifdef HAVE_SYS_TYPES_H
| # include <sys/types.h>
| #endif
| #ifdef HAVE_SYS_STAT_H
| # include <sys/stat.h>
| #endif
| #ifdef STDC_HEADERS
| # include <stdlib.h>
| # include <stddef.h>
| #else
| # ifdef HAVE_STDLIB_H
| #  include <stdlib.h>
| # endif
| #endif
| #ifdef HAVE_STRING_H
| # if !defined STDC_HEADERS && defined HAVE_MEMORY_H
| #  include <memory.h>
| # endif
| # include <string.h>
| #endif
| #ifdef HAVE_STRINGS_H
| # include <strings.h>
| #endif
| #ifdef HAVE_INTTYPES_H
| # include <inttypes.h>
| #endif
| #ifdef HAVE_STDINT_H
| # include <stdint.h>
| #endif
| #ifdef HAVE_UNISTD_H
| # include <unistd.h>
| #endif
| int
| main ()
| {
| if (sizeof ((size_t)))
| 	    return 0;
|   ;
|   return 0;
| }
configure:4582: result: yes
configure:4593: checking for uint32_t
configure:4593: gcc -c -g -O2  conftest.c >&5
configure:4593: $? = 0
configure:4593: result: yes
configure:4738: creating ./config.status

## ---------------------- ##
## Running config.status. ##
## ---------------------- ##

This file was extended by FULL-PACKAGE-NAME config.status VERSION, which was
generated by GNU Autoconf 2.65.  Invocation command line was

  CONFIG_FILES    = 
  CONFIG_HEADERS  = 
  CONFIG_LINKS    = 
  CONFIG_COMMANDS = 
  $ ./config.status 

on leo-laptop

config.status:859: creating Makefile
config.status:859: creating config.h
config.status:1031: config.h is unchanged
config.status:1079: executing depfiles commands

## ---------------- ##
## Cache variables. ##
## ---------------- ##

ac_cv_c_compiler_gnu=yes
ac_cv_c_inline=inline
ac_cv_c_uint32_t=yes
ac_cv_cxx_compiler_gnu=yes
ac_cv_env_CCC_set=
ac_cv_env_CCC_value=
ac_cv_env_CC_set=
ac_cv_env_CC_value=
ac_cv_env_CFLAGS_set=
ac_cv_env_CFLAGS_value=
ac_cv_env_CPPFLAGS_set=
ac_cv_env_CPPFLAGS_value=
ac_cv_env_CPP_set=
ac_cv_env_CPP_value=
ac_cv_env_CXXFLAGS_set=
ac_cv_env_CXXFLAGS_value=
ac_cv_env_CXX_set=
ac_cv_env_CXX_value=
ac_cv_env_LDFLAGS_set=
ac_cv_env_LDFLAGS_value=
ac_cv_env_LIBS_set=
ac_cv_env_LIBS_value=
ac_cv_env_build_alias_set=
ac_cv_env_build_alias_value=
ac_cv_env_host_alias_set=
ac_cv_env_host_alias_value=
ac_cv_env_target_alias_set=
ac_cv_env_target_alias_value=
ac_cv_header_inttypes_h=yes
ac_cv_header_memory_h=yes
ac_cv_header_stdbool_h=yes
ac_cv_header_stdc=yes
ac_cv_header_stdint_h=yes
ac_cv_header_stdlib_h=yes
ac_cv_header_string_h=yes
ac_cv_header_strings_h=yes
ac_cv_header_sys_stat_h=yes
ac_cv_header_sys_types_h=yes
ac_cv_header_unistd_h=yes
ac_cv_objext=o
ac_cv_path_EGREP='/bin/grep -E'
ac_cv_path_GREP=/bin/grep
ac_cv_path_install='/usr/bin/install -c'
ac_cv_path_mkdir=/bin/mkdir
ac_cv_prog_AWK=gawk
ac_cv_prog_CPP='gcc -E'
ac_cv_prog_ac_ct_CC=gcc
ac_cv_prog_ac_ct_CXX=g++
ac_cv_prog_ac_ct_RANLIB=ranlib
ac_cv_prog_cc_c89=
ac_cv_prog_cc_g=yes
ac_cv_prog_cxx_g=yes
ac_cv_prog_make_make_set=yes
ac_cv_type__Bool=yes
ac_cv_type_size_t=yes
am_cv_CC_dependencies_compiler_type=gcc3
am_cv_CXX_dependencies_compiler_type=gcc3

## ----------------- ##
## Output variables. ##
## ----------------- ##

ACLOCAL='${SHELL} "/home/leo/Code/stupidalgorithm/ stupidalgorithm/src/missing" --run aclocal-1.11'
AMDEPBACKSLASH='\'
AMDEP_FALSE='#'
AMDEP_TRUE=''
AMTAR='${SHELL} "/home/leo/Code/stupidalgorithm/ stupidalgorithm/src/missing" --run tar'
AUTOCONF='${SHELL} "/home/leo/Code/stupidalgorithm/ stupidalgorithm/src/missing" --run autoconf'
AUTOHEADER='${SHELL} "/home/leo/Code/stupidalgorithm/ stupidalgorithm/src/missing" --run autoheader'
AUTOMAKE='${SHELL} "/home/leo/Code/stupidalgorithm/ stupidalgorithm/src/missing" --run automake-1.11'
AWK='gawk'
CC='gcc'
CCDEPMODE='depmode=gcc3'
CFLAGS='-g -O2'
CPP='gcc -E'
CPPFLAGS=''
CXX='g++'
CXXDEPMODE='depmode=gcc3'
CXXFLAGS='-g -O2'
CYGPATH_W='echo'
DEFS='-DHAVE_CONFIG_H'
DEPDIR='.deps'
ECHO_C=''
ECHO_N='-n'
ECHO_T=''
EGREP='/bin/grep -E'
EXEEXT=''
GREP='/bin/grep'
INSTALL_DATA='${INSTALL} -m 644'
INSTALL_PROGRAM='${INSTALL}'
INSTALL_SCRIPT='${INSTALL}'
INSTALL_STRIP_PROGRAM='$(install_sh) -c -s'
LDFLAGS=''
LIBOBJS=''
LIBS=''
LTLIBOBJS=''
MAKEINFO='${SHELL} "/home/leo/Code/stupidalgorithm/ stupidalgorithm/src/missing" --run makeinfo'
MKDIR_P='/bin/mkdir -p'
OBJEXT='o'
PACKAGE='stupidalgorithm'
PACKAGE_BUGREPORT='BUG-REPORT-ADDRESS'
PACKAGE_NAME='FULL-PACKAGE-NAME'
PACKAGE_STRING='FULL-PACKAGE-NAME VERSION'
PACKAGE_TARNAME='full-package-name'
PACKAGE_URL=''
PACKAGE_VERSION='VERSION'
PATH_SEPARATOR=':'
RANLIB='ranlib'
SET_MAKE=''
SHELL='/bin/bash'
STRIP=''
VERSION='1.0'
ac_ct_CC='gcc'
ac_ct_CXX='g++'
am__EXEEXT_FALSE=''
am__EXEEXT_TRUE='#'
am__fastdepCC_FALSE='#'
am__fastdepCC_TRUE=''
am__fastdepCXX_FALSE='#'
am__fastdepCXX_TRUE=''
am__include='include'
am__isrc=''
am__leading_dot='.'
am__quote=''
am__tar='${AMTAR} chof - "$$tardir"'
am__untar='${AMTAR} xf -'
bindir='${exec_prefix}/bin'
build_alias=''
datadir='${datarootdir}'
datarootdir='${prefix}/share'
docdir='${datarootdir}/doc/${PACKAGE_TARNAME}'
dvidir='${docdir}'
exec_prefix='${prefix}'
host_alias=''
htmldir='${docdir}'
includedir='${prefix}/include'
infodir='${datarootdir}/info'
install_sh='${SHELL} '\''/home/leo/Code/stupidalgorithm/ stupidalgorithm/src/install-sh'\'''
libdir='${exec_prefix}/lib'
libexecdir='${exec_prefix}/libexec'
localedir='${datarootdir}/locale'
localstatedir='${prefix}/var'
mandir='${datarootdir}/man'
mkdir_p='/bin/mkdir -p'
oldincludedir='/usr/include'
pdfdir='${docdir}'
prefix='/usr/local'
program_transform_name='s,x,x,'
psdir='${docdir}'
sbindir='${exec_prefix}/sbin'
sharedstatedir='${prefix}/com'
sysconfdir='${prefix}/etc'
target_alias=''

## ----------- ##
## confdefs.h. ##
## ----------- ##

/* confdefs.h */
#define PACKAGE_NAME "FULL-PACKAGE-NAME"
#define PACKAGE_TARNAME "full-package-name"
#define PACKAGE_VERSION "VERSION"
#define PACKAGE_STRING "FULL-PACKAGE-NAME VERSION"
#define PACKAGE_BUGREPORT "BUG-REPORT-ADDRESS"
#define PACKAGE_URL ""
#define PACKAGE "stupidalgorithm"
#define VERSION "1.0"
#define STDC_HEADERS 1
#define HAVE_SYS_TYPES_H 1
#define HAVE_SYS_STAT_H 1
#define HAVE_STDLIB_H 1
#define HAVE_STRING_H 1
#define HAVE_MEMORY_H 1
#define HAVE_STRINGS_H 1
#define HAVE_INTTYPES_H 1
#define HAVE_STDINT_H 1
#define HAVE_UNISTD_H 1
#define HAVE__BOOL 1
#define HAVE_STDBOOL_H 1

configure: exit 0
